<?xml version="1.0" encoding="UTF-8"?>
<!-- Generated by org.testng.reporters.JUnitReportReporter -->
<testsuite hostname="aakumar-ltm" name="TestCaseWeather.ProductSearchTest" tests="1" failures="0" timestamp="26 Oct 2017 18:33:57 GMT" time="24.947" errors="0">
  <testcase name="ProductSearch" time="24.947" classname="TestCaseWeather.ProductSearchTest"/>
</testsuite> <!-- TestCaseWeather.ProductSearchTest -->
