<?xml version="1.0" encoding="UTF-8"?>
<!-- Generated by org.testng.reporters.JUnitReportReporter -->
<testsuite hostname="aakumar-ltm" name="TestCaseWeather.ProductDescriptionTest" tests="1" failures="0" timestamp="26 Oct 2017 18:33:57 GMT" time="31.613" errors="0">
  <testcase name="testProductDescription" time="31.613" classname="TestCaseWeather.ProductDescriptionTest"/>
</testsuite> <!-- TestCaseWeather.ProductDescriptionTest -->
