<?xml version="1.0" encoding="UTF-8"?>
<!-- Generated by org.testng.reporters.JUnitReportReporter -->
<testsuite hostname="aakumar-ltm" name="TestCaseWeather.LoginTest" tests="2" failures="0" timestamp="26 Oct 2017 18:33:57 GMT" time="34.684" errors="0">
  <testcase name="loginTest_fail" time="12.835" classname="TestCaseWeather.LoginTest"/>
  <testcase name="loginTest_pass" time="21.849" classname="TestCaseWeather.LoginTest"/>
</testsuite> <!-- TestCaseWeather.LoginTest -->
